<?xml version="1.0" encoding="UTF-8"?>
<testng-results ignored="0" total="2" passed="2" failed="0" skipped="0">
  <reporter-output>
  </reporter-output>
  <suite started-at="2022-06-19T20:59:50 YEKT" name="Surefire suite" finished-at="2022-06-19T20:59:52 YEKT" duration-ms="2368">
    <groups>
    </groups>
    <test started-at="2022-06-19T20:59:50 YEKT" name="Surefire test" finished-at="2022-06-19T20:59:52 YEKT" duration-ms="2368">
      <class name="SearchTest">
        <test-method signature="openGoogleComInChromeTest()[pri:0, instance:SearchTest@5d740a0f]" started-at="2022-06-19T20:59:50 YEKT" name="openGoogleComInChromeTest" finished-at="2022-06-19T20:59:52 YEKT" duration-ms="2341" status="PASS">
          <reporter-output>
          </reporter-output>
        </test-method> <!-- openGoogleComInChromeTest -->
        <test-method signature="test2()[pri:0, instance:SearchTest@5d740a0f]" started-at="2022-06-19T20:59:52 YEKT" name="test2" finished-at="2022-06-19T20:59:52 YEKT" duration-ms="0" status="PASS">
          <reporter-output>
          </reporter-output>
        </test-method> <!-- test2 -->
      </class> <!-- SearchTest -->
    </test> <!-- Surefire test -->
  </suite> <!-- Surefire suite -->
</testng-results>
